TN:
SF:src\UsersApp.jsx
FN:7,(anonymous_0)
FNF:1
FNH:0
FNDA:0,(anonymous_0)
DA:7,0
DA:9,0
DA:10,0
LF:3
LH:0
BRDA:13,0,0,0
BRDA:13,0,1,0
BRF:2
BRH:0
end_of_record
TN:
SF:src\api\empresasApi.js
FN:7,(anonymous_0)
FNF:1
FNH:0
FNDA:0,(anonymous_0)
DA:3,1
DA:7,1
DA:8,0
DA:12,0
LF:4
LH:2
BRF:0
BRH:0
end_of_record
TN:
SF:src\api\productosApi.js
FN:7,(anonymous_0)
FNF:1
FNH:0
FNDA:0,(anonymous_0)
DA:3,1
DA:7,1
DA:8,0
DA:12,0
LF:4
LH:2
BRF:0
BRH:0
end_of_record
TN:
SF:src\api\usersApi.js
FN:6,(anonymous_0)
FNF:1
FNH:0
FNDA:0,(anonymous_0)
DA:3,1
DA:6,1
DA:7,0
DA:11,0
LF:4
LH:2
BRF:0
BRH:0
end_of_record
TN:
SF:src\auth\context\AuthContext.jsx
FNF:0
FNH:0
DA:3,2
LF:1
LH:1
BRF:0
BRH:0
end_of_record
TN:
SF:src\auth\context\AuthProvider.jsx
FN:5,(anonymous_0)
FNF:1
FNH:0
FNDA:0,(anonymous_0)
DA:5,0
DA:6,0
DA:8,0
DA:21,0
LF:4
LH:0
BRF:0
BRH:0
end_of_record
TN:
SF:src\auth\hooks\useAuth.js
FN:12,(anonymous_0)
FN:17,(anonymous_1)
FN:47,(anonymous_2)
FNF:3
FNH:3
FNDA:24,(anonymous_0)
FNDA:11,(anonymous_1)
FNDA:3,(anonymous_2)
DA:7,1
DA:12,1
DA:14,24
DA:15,24
DA:17,24
DA:19,11
DA:20,11
DA:21,8
DA:22,8
DA:23,8
DA:24,8
DA:25,8
DA:29,8
DA:34,8
DA:35,8
DA:37,3
DA:38,1
DA:39,2
DA:40,1
DA:42,1
DA:47,24
DA:48,3
DA:51,3
DA:52,3
DA:53,3
DA:55,24
LF:26
LH:26
BRDA:7,0,0,1
BRDA:7,0,1,1
BRDA:37,1,0,1
BRDA:37,1,1,2
BRDA:39,2,0,1
BRDA:39,2,1,1
BRF:6
BRH:6
end_of_record
TN:
SF:src\auth\pages\LoginPage.jsx
FN:10,(anonymous_0)
FN:16,(anonymous_1)
FN:23,(anonymous_2)
FNF:3
FNH:0
FNDA:0,(anonymous_0)
FNDA:0,(anonymous_1)
FNDA:0,(anonymous_2)
DA:5,0
DA:10,0
DA:12,0
DA:13,0
DA:14,0
DA:16,0
DA:17,0
DA:18,0
DA:23,0
DA:24,0
DA:25,0
DA:26,0
DA:33,0
DA:34,0
DA:37,0
LF:15
LH:0
BRDA:25,0,0,0
BRDA:25,0,1,0
BRDA:25,1,0,0
BRDA:25,1,1,0
BRF:4
BRH:0
end_of_record
TN:
SF:src\auth\reducers\loginReducer.js
FN:1,(anonymous_0)
FNF:1
FNH:1
FNDA:11,(anonymous_0)
DA:1,1
DA:3,11
DA:5,8
DA:11,3
DA:17,0
LF:5
LH:4
BRDA:1,0,0,0
BRDA:3,1,0,8
BRDA:3,1,1,3
BRDA:3,1,2,0
BRF:4
BRH:2
end_of_record
TN:
SF:src\auth\services\authService.js
FN:3,(anonymous_0)
FNF:1
FNH:0
FNDA:0,(anonymous_0)
DA:3,1
DA:5,0
DA:6,0
DA:9,0
LF:4
LH:1
BRF:0
BRH:0
end_of_record
TN:
SF:src\components\comprobante\ComprobanteList.jsx
FN:5,(anonymous_0)
FN:23,(anonymous_1)
FNF:2
FNH:0
FNDA:0,(anonymous_0)
FNDA:0,(anonymous_1)
DA:5,0
DA:6,0
DA:8,0
DA:24,0
LF:4
LH:0
BRF:0
BRH:0
end_of_record
TN:
SF:src\components\comprobante\ComprobanteModalForm.jsx
FN:6,(anonymous_0)
FN:17,(anonymous_1)
FN:22,(anonymous_2)
FN:30,(anonymous_3)
FN:31,(anonymous_4)
FN:36,(anonymous_5)
FN:55,(anonymous_6)
FN:63,(anonymous_7)
FN:71,(anonymous_8)
FN:72,(anonymous_9)
FN:75,(anonymous_10)
FN:76,(anonymous_11)
FN:79,(anonymous_12)
FN:174,(anonymous_13)
FN:176,(anonymous_14)
FN:184,(anonymous_15)
FN:209,(anonymous_16)
FN:220,(anonymous_17)
FN:230,(anonymous_18)
FNF:19
FNH:0
FNDA:0,(anonymous_0)
FNDA:0,(anonymous_1)
FNDA:0,(anonymous_2)
FNDA:0,(anonymous_3)
FNDA:0,(anonymous_4)
FNDA:0,(anonymous_5)
FNDA:0,(anonymous_6)
FNDA:0,(anonymous_7)
FNDA:0,(anonymous_8)
FNDA:0,(anonymous_9)
FNDA:0,(anonymous_10)
FNDA:0,(anonymous_11)
FNDA:0,(anonymous_12)
FNDA:0,(anonymous_13)
FNDA:0,(anonymous_14)
FNDA:0,(anonymous_15)
FNDA:0,(anonymous_16)
FNDA:0,(anonymous_17)
FNDA:0,(anonymous_18)
DA:6,0
DA:12,0
DA:14,0
DA:15,0
DA:17,0
DA:18,0
DA:19,0
DA:22,0
DA:23,0
DA:24,0
DA:30,0
DA:31,0
DA:33,0
DA:35,0
DA:37,0
DA:44,0
DA:51,0
DA:55,0
DA:56,0
DA:57,0
DA:58,0
DA:59,0
DA:62,0
DA:64,0
DA:71,0
DA:72,0
DA:75,0
DA:76,0
DA:79,0
DA:80,0
DA:82,0
DA:88,0
DA:91,0
DA:175,0
DA:176,0
DA:177,0
DA:178,0
DA:179,0
DA:185,0
DA:210,0
DA:221,0
DA:230,0
DA:269,0
LF:43
LH:0
BRDA:15,0,0,0
BRDA:15,0,1,0
BRDA:19,1,0,0
BRDA:19,1,1,0
BRDA:33,2,0,0
BRDA:33,2,1,0
BRDA:37,3,0,0
BRDA:37,3,1,0
BRDA:57,4,0,0
BRDA:57,4,1,0
BRDA:64,5,0,0
BRDA:64,5,1,0
BRDA:98,6,0,0
BRDA:98,6,1,0
BRDA:140,7,0,0
BRDA:140,7,1,0
BRDA:146,8,0,0
BRDA:146,8,1,0
BRDA:153,9,0,0
BRDA:153,9,1,0
BRDA:157,10,0,0
BRDA:157,10,1,0
BRDA:159,11,0,0
BRDA:159,11,1,0
BRDA:163,12,0,0
BRDA:163,12,1,0
BRDA:177,13,0,0
BRDA:177,13,1,0
BRDA:190,14,0,0
BRDA:190,14,1,0
BRDA:196,15,0,0
BRDA:196,15,1,0
BRDA:259,16,0,0
BRDA:259,16,1,0
BRF:34
BRH:0
end_of_record
TN:
SF:src\components\comprobante\ComprobanteRow.jsx
FN:6,(anonymous_0)
FN:26,(anonymous_1)
FN:33,(anonymous_2)
FN:40,(anonymous_3)
FN:62,(anonymous_4)
FNF:5
FNH:0
FNDA:0,(anonymous_0)
FNDA:0,(anonymous_1)
FNDA:0,(anonymous_2)
FNDA:0,(anonymous_3)
FNDA:0,(anonymous_4)
DA:6,0
DA:7,0
DA:8,0
DA:10,0
DA:26,0
DA:33,0
DA:40,0
DA:63,0
DA:80,0
LF:9
LH:0
BRDA:14,0,0,0
BRDA:14,0,1,0
BRDA:29,1,0,0
BRDA:29,1,1,0
BRDA:47,2,0,0
BRDA:47,2,1,0
BRF:6
BRH:0
end_of_record
TN:
SF:src\components\comprobante\ComprobanteSection.jsx
FN:7,(anonymous_0)
FNF:1
FNH:0
FNDA:0,(anonymous_0)
DA:7,0
DA:12,0
DA:14,0
LF:3
LH:0
BRDA:16,0,0,0
BRDA:16,0,1,0
BRDA:20,1,0,0
BRDA:20,1,1,0
BRDA:29,2,0,0
BRDA:29,2,1,0
BRF:6
BRH:0
end_of_record
TN:
SF:src\components\empresa\EmpresaForm.jsx
FN:4,(anonymous_0)
FN:10,(anonymous_1)
FN:14,(anonymous_2)
FN:22,(anonymous_3)
FN:27,(anonymous_4)
FNF:5
FNH:0
FNDA:0,(anonymous_0)
FNDA:0,(anonymous_1)
FNDA:0,(anonymous_2)
FNDA:0,(anonymous_3)
FNDA:0,(anonymous_4)
DA:4,0
DA:6,0
DA:7,0
DA:8,0
DA:10,0
DA:11,0
DA:14,0
DA:15,0
DA:16,0
DA:22,0
DA:23,0
DA:24,0
DA:27,0
DA:28,0
DA:29,0
DA:32,0
LF:16
LH:0
BRDA:72,0,0,0
BRDA:72,0,1,0
BRDA:75,1,0,0
BRDA:75,1,1,0
BRF:4
BRH:0
end_of_record
TN:
SF:src\components\empresa\EmpresaModalForm.jsx
FN:5,(anonymous_0)
FNF:1
FNH:0
FNDA:0,(anonymous_0)
DA:5,0
DA:7,0
DA:9,0
LF:3
LH:0
BRDA:16,0,0,0
BRDA:16,0,1,0
BRF:2
BRH:0
end_of_record
TN:
SF:src\components\empresa\EmpresaRow.jsx
FN:6,(anonymous_0)
FN:25,(anonymous_1)
FN:47,(anonymous_2)
FNF:3
FNH:0
FNDA:0,(anonymous_0)
FNDA:0,(anonymous_1)
FNDA:0,(anonymous_2)
DA:6,0
DA:8,0
DA:9,0
DA:11,0
DA:25,0
DA:47,0
LF:6
LH:0
BRDA:19,0,0,0
BRDA:19,0,1,0
BRF:2
BRH:0
end_of_record
TN:
SF:src\components\empresa\EmpresasList.jsx
FN:6,(anonymous_0)
FN:31,(anonymous_1)
FNF:2
FNH:0
FNDA:0,(anonymous_0)
FNDA:0,(anonymous_1)
DA:6,0
DA:8,0
DA:9,0
DA:11,0
DA:32,0
LF:5
LH:0
BRDA:20,0,0,0
BRDA:20,0,1,0
BRF:2
BRH:0
end_of_record
TN:
SF:src\components\layout\Navbar.jsx
FN:5,(anonymous_0)
FNF:1
FNH:0
FNDA:0,(anonymous_0)
DA:5,0
DA:7,0
DA:8,0
LF:3
LH:0
BRDA:23,0,0,0
BRDA:23,0,1,0
BRF:2
BRH:0
end_of_record
TN:
SF:src\components\producto\ProductoForm.jsx
FN:4,(anonymous_0)
FN:8,(anonymous_1)
FN:20,(anonymous_2)
FN:28,(anonymous_3)
FN:33,(anonymous_4)
FN:87,(anonymous_5)
FNF:6
FNH:0
FNDA:0,(anonymous_0)
FNDA:0,(anonymous_1)
FNDA:0,(anonymous_2)
FNDA:0,(anonymous_3)
FNDA:0,(anonymous_4)
FNDA:0,(anonymous_5)
DA:4,0
DA:5,0
DA:6,0
DA:8,0
DA:9,0
DA:10,0
DA:12,0
DA:16,0
DA:18,0
DA:20,0
DA:21,0
DA:22,0
DA:28,0
DA:29,0
DA:30,0
DA:33,0
DA:34,0
DA:35,0
DA:38,0
DA:87,0
LF:20
LH:0
BRDA:9,0,0,0
BRDA:9,0,1,0
BRDA:16,1,0,0
BRDA:16,1,1,0
BRDA:80,2,0,0
BRDA:80,2,1,0
BRDA:83,3,0,0
BRDA:83,3,1,0
BRF:8
BRH:0
end_of_record
TN:
SF:src\components\producto\ProductoModalForm.jsx
FN:5,(anonymous_0)
FNF:1
FNH:0
FNDA:0,(anonymous_0)
DA:5,0
DA:7,0
DA:9,0
LF:3
LH:0
BRDA:16,0,0,0
BRDA:16,0,1,0
BRF:2
BRH:0
end_of_record
TN:
SF:src\components\producto\ProductoRow.jsx
FN:4,(anonymous_0)
FN:19,(anonymous_1)
FN:34,(anonymous_2)
FNF:3
FNH:0
FNDA:0,(anonymous_0)
FNDA:0,(anonymous_1)
FNDA:0,(anonymous_2)
DA:4,0
DA:6,0
DA:8,0
DA:19,0
DA:34,0
LF:5
LH:0
BRF:0
BRH:0
end_of_record
TN:
SF:src\components\producto\ProductosList.jsx
FN:5,(anonymous_0)
FN:23,(anonymous_1)
FNF:2
FNH:0
FNDA:0,(anonymous_0)
FNDA:0,(anonymous_1)
DA:5,0
DA:6,0
DA:8,0
DA:24,0
LF:4
LH:0
BRF:0
BRH:0
end_of_record
TN:
SF:src\components\usuario\UserForm.jsx
FN:5,(anonymous_0)
FN:12,(anonymous_1)
FN:19,(anonymous_2)
FN:28,(anonymous_3)
FN:37,(anonymous_4)
FN:46,(anonymous_5)
FN:102,(anonymous_6)
FNF:7
FNH:0
FNDA:0,(anonymous_0)
FNDA:0,(anonymous_1)
FNDA:0,(anonymous_2)
FNDA:0,(anonymous_3)
FNDA:0,(anonymous_4)
FNDA:0,(anonymous_5)
FNDA:0,(anonymous_6)
DA:5,0
DA:7,0
DA:8,0
DA:9,0
DA:10,0
DA:12,0
DA:13,0
DA:19,0
DA:21,0
DA:22,0
DA:28,0
DA:29,0
DA:30,0
DA:37,0
DA:38,0
DA:43,0
DA:46,0
DA:47,0
DA:48,0
DA:50,0
DA:102,0
LF:21
LH:0
BRDA:60,0,0,0
BRDA:60,0,1,0
BRDA:96,1,0,0
BRDA:96,1,1,0
BRDA:99,2,0,0
BRDA:99,2,1,0
BRF:6
BRH:0
end_of_record
TN:
SF:src\components\usuario\UserModalForm.jsx
FN:5,(anonymous_0)
FNF:1
FNH:0
FNDA:0,(anonymous_0)
DA:5,0
DA:7,0
DA:8,0
LF:3
LH:0
BRDA:15,0,0,0
BRDA:15,0,1,0
BRF:2
BRH:0
end_of_record
TN:
SF:src\components\usuario\UserRow.jsx
FN:6,(anonymous_0)
FN:22,(anonymous_1)
FN:42,(anonymous_2)
FNF:3
FNH:0
FNDA:0,(anonymous_0)
FNDA:0,(anonymous_1)
FNDA:0,(anonymous_2)
DA:6,0
DA:8,0
DA:9,0
DA:10,0
DA:22,0
DA:42,0
LF:6
LH:0
BRDA:16,0,0,0
BRDA:16,0,1,0
BRF:2
BRH:0
end_of_record
TN:
SF:src\components\usuario\UsersList.jsx
FN:6,(anonymous_0)
FN:28,(anonymous_1)
FNF:2
FNH:0
FNDA:0,(anonymous_0)
FNDA:0,(anonymous_1)
DA:6,0
DA:8,0
DA:9,0
DA:10,0
DA:29,0
LF:5
LH:0
BRDA:18,0,0,0
BRDA:18,0,1,0
BRF:2
BRH:0
end_of_record
TN:
SF:src\context\ComprobanteContext.jsx
FNF:0
FNH:0
DA:3,0
LF:1
LH:0
BRF:0
BRH:0
end_of_record
TN:
SF:src\context\ComprobanteProvider.jsx
FN:4,(anonymous_0)
FNF:1
FNH:0
FNDA:0,(anonymous_0)
DA:4,0
DA:17,0
DA:19,0
LF:3
LH:0
BRF:0
BRH:0
end_of_record
TN:
SF:src\context\EmpresaContext.jsx
FNF:0
FNH:0
DA:3,0
LF:1
LH:0
BRF:0
BRH:0
end_of_record
TN:
SF:src\context\EmpresaProvider.jsx
FN:4,(anonymous_0)
FNF:1
FNH:0
FNDA:0,(anonymous_0)
DA:4,0
DA:18,0
DA:20,0
LF:3
LH:0
BRF:0
BRH:0
end_of_record
TN:
SF:src\context\ProductoContext.jsx
FNF:0
FNH:0
DA:3,0
LF:1
LH:0
BRF:0
BRH:0
end_of_record
TN:
SF:src\context\ProductoProvider.jsx
FN:5,(anonymous_0)
FNF:1
FNH:0
FNDA:0,(anonymous_0)
DA:5,0
DA:16,0
DA:18,0
LF:3
LH:0
BRF:0
BRH:0
end_of_record
TN:
SF:src\context\UserContext.jsx
FNF:0
FNH:0
DA:3,0
LF:1
LH:0
BRF:0
BRH:0
end_of_record
TN:
SF:src\context\UserProvider.jsx
FN:5,(anonymous_0)
FNF:1
FNH:0
FNDA:0,(anonymous_0)
DA:5,0
DA:19,0
DA:21,0
LF:3
LH:0
BRF:0
BRH:0
end_of_record
TN:
SF:src\hooks\useComprobantes.js
FN:16,(anonymous_0)
FN:26,(anonymous_1)
FN:33,(anonymous_2)
FN:47,(anonymous_3)
FN:56,(anonymous_4)
FN:58,(anonymous_5)
FN:64,(anonymous_6)
FN:101,(anonymous_7)
FN:120,(anonymous_8)
FN:128,(anonymous_9)
FN:132,(anonymous_10)
FN:143,(anonymous_11)
FN:151,(anonymous_12)
FN:157,(anonymous_13)
FNF:14
FNH:14
FNDA:62,(anonymous_0)
FNDA:22,(anonymous_1)
FNDA:23,(anonymous_2)
FNDA:11,(anonymous_3)
FNDA:9,(anonymous_4)
FNDA:1,(anonymous_5)
FNDA:14,(anonymous_6)
FNDA:1,(anonymous_7)
FNDA:3,(anonymous_8)
FNDA:3,(anonymous_9)
FNDA:1,(anonymous_10)
FNDA:2,(anonymous_11)
FNDA:11,(anonymous_12)
FNDA:1,(anonymous_13)
DA:5,1
DA:16,1
DA:17,62
DA:18,62
DA:19,62
DA:20,62
DA:23,62
DA:26,62
DA:27,22
DA:28,22
DA:33,62
DA:34,23
DA:35,23
DA:36,23
DA:37,22
DA:42,1
DA:47,62
DA:48,11
DA:49,11
DA:51,1
DA:56,62
DA:57,9
DA:58,9
DA:59,9
DA:60,9
DA:64,62
DA:66,14
DA:67,4
DA:72,4
DA:75,10
DA:79,10
DA:81,9
DA:89,9
DA:90,9
DA:92,9
DA:95,1
DA:100,1
DA:101,1
DA:102,1
DA:105,1
DA:109,10
DA:111,10
DA:112,10
DA:114,0
DA:115,0
DA:120,62
DA:121,3
DA:129,3
DA:130,1
DA:131,1
DA:132,1
DA:133,1
DA:134,1
DA:136,0
DA:137,0
DA:143,62
DA:144,2
DA:148,2
DA:151,62
DA:152,11
DA:153,11
DA:154,11
DA:157,62
DA:158,1
DA:159,1
DA:162,62
LF:66
LH:62
BRDA:27,0,0,22
BRDA:27,0,1,0
BRDA:36,1,0,3
BRDA:36,1,1,20
BRDA:57,2,0,8
BRDA:57,2,1,1
BRDA:66,3,0,4
BRDA:66,3,1,10
BRDA:66,4,0,14
BRDA:66,4,1,12
BRDA:66,4,2,11
BRDA:68,5,0,2
BRDA:68,5,1,2
BRDA:69,6,0,2
BRDA:69,6,1,2
BRDA:70,7,0,2
BRDA:70,7,1,2
BRDA:79,8,0,9
BRDA:79,8,1,1
BRDA:86,9,0,9
BRDA:86,9,1,0
BRDA:102,10,0,1
BRDA:102,10,1,0
BRDA:129,11,0,1
BRDA:129,11,1,2
BRF:25
BRH:22
end_of_record
TN:
SF:src\hooks\useEmpresas.js
FN:24,(anonymous_0)
FN:32,(anonymous_1)
FN:44,(anonymous_2)
FN:80,(anonymous_3)
FN:88,(anonymous_4)
FN:104,(anonymous_5)
FN:109,(anonymous_6)
FN:113,(anonymous_7)
FNF:8
FNH:8
FNDA:26,(anonymous_0)
FNDA:3,(anonymous_1)
FNDA:6,(anonymous_2)
FNDA:5,(anonymous_3)
FNDA:5,(anonymous_4)
FNDA:1,(anonymous_5)
FNDA:2,(anonymous_6)
FNDA:3,(anonymous_7)
DA:8,1
DA:10,1
DA:18,1
DA:24,1
DA:25,26
DA:26,26
DA:27,26
DA:28,26
DA:29,26
DA:30,26
DA:32,26
DA:33,3
DA:34,3
DA:35,1
DA:40,2
DA:44,26
DA:46,6
DA:47,6
DA:48,4
DA:50,2
DA:53,2
DA:58,2
DA:66,2
DA:67,2
DA:70,4
DA:71,1
DA:72,3
DA:73,2
DA:75,1
DA:80,26
DA:81,5
DA:89,5
DA:90,3
DA:91,3
DA:92,1
DA:96,1
DA:98,2
DA:104,26
DA:105,1
DA:106,1
DA:109,26
DA:110,2
DA:113,26
DA:114,3
DA:115,3
DA:116,3
DA:119,26
LF:47
LH:47
BRDA:40,0,0,1
BRDA:40,0,1,1
BRDA:47,1,0,4
BRDA:47,1,1,2
BRDA:54,2,0,1
BRDA:54,2,1,1
BRDA:59,3,0,1
BRDA:59,3,1,1
BRDA:60,4,0,1
BRDA:60,4,1,1
BRDA:70,5,0,1
BRDA:70,5,1,3
BRDA:70,6,0,4
BRDA:70,6,1,3
BRDA:72,7,0,2
BRDA:72,7,1,1
BRDA:89,8,0,3
BRDA:89,8,1,2
BRDA:98,9,0,1
BRDA:98,9,1,1
BRF:20
BRH:20
end_of_record
TN:
SF:src\hooks\useProductos.js
FN:14,(anonymous_0)
FN:22,(anonymous_1)
FN:36,(anonymous_2)
FN:67,(anonymous_3)
FN:75,(anonymous_4)
FN:89,(anonymous_5)
FN:90,(anonymous_6)
FN:95,(anonymous_7)
FNF:8
FNH:8
FNDA:33,(anonymous_0)
FNDA:4,(anonymous_1)
FNDA:9,(anonymous_2)
FNDA:4,(anonymous_3)
FNDA:4,(anonymous_4)
FNDA:2,(anonymous_5)
FNDA:3,(anonymous_6)
FNDA:1,(anonymous_7)
DA:6,1
DA:14,1
DA:16,33
DA:17,33
DA:18,33
DA:19,33
DA:22,33
DA:23,4
DA:24,2
DA:25,2
DA:26,1
DA:31,1
DA:36,33
DA:37,9
DA:38,5
DA:44,5
DA:47,4
DA:49,4
DA:50,2
DA:51,1
DA:52,1
DA:54,2
DA:55,1
DA:56,1
DA:58,2
DA:59,2
DA:61,2
DA:62,2
DA:67,33
DA:68,4
DA:76,4
DA:77,2
DA:78,2
DA:79,1
DA:80,1
DA:82,1
DA:83,1
DA:89,33
DA:90,33
DA:91,3
DA:92,3
DA:95,33
DA:96,1
DA:97,1
DA:100,33
LF:45
LH:45
BRDA:23,0,0,2
BRDA:23,0,1,2
BRDA:37,1,0,5
BRDA:37,1,1,4
BRDA:37,2,0,9
BRDA:37,2,1,7
BRDA:37,2,2,6
BRDA:37,2,3,5
BRDA:39,3,0,2
BRDA:39,3,1,3
BRDA:40,4,0,2
BRDA:40,4,1,3
BRDA:41,5,0,2
BRDA:41,5,1,3
BRDA:42,6,0,2
BRDA:42,6,1,3
BRDA:49,7,0,2
BRDA:49,7,1,2
BRDA:76,8,0,2
BRDA:76,8,1,2
BRF:20
BRH:20
end_of_record
TN:
SF:src\hooks\useUsers.js
FN:24,(anonymous_0)
FN:32,(anonymous_1)
FN:47,(anonymous_2)
FN:68,(anonymous_3)
FN:78,(anonymous_4)
FN:102,(anonymous_5)
FN:113,(anonymous_6)
FN:138,(anonymous_7)
FN:144,(anonymous_8)
FN:148,(anonymous_9)
FNF:10
FNH:10
FNDA:27,(anonymous_0)
FNDA:2,(anonymous_1)
FNDA:7,(anonymous_2)
FNDA:2,(anonymous_3)
FNDA:4,(anonymous_4)
FNDA:4,(anonymous_5)
FNDA:3,(anonymous_6)
FNDA:1,(anonymous_7)
FNDA:2,(anonymous_8)
FNDA:3,(anonymous_9)
DA:8,1
DA:10,1
DA:18,1
DA:24,1
DA:25,27
DA:26,27
DA:27,27
DA:28,27
DA:29,27
DA:30,27
DA:32,27
DA:34,2
DA:35,2
DA:36,1
DA:41,1
DA:42,1
DA:47,27
DA:48,7
DA:50,6
DA:51,6
DA:52,6
DA:54,2
DA:59,2
DA:60,2
DA:61,2
DA:64,4
DA:68,27
DA:69,2
DA:78,27
DA:79,4
DA:80,4
DA:82,4
DA:83,1
DA:84,1
DA:87,3
DA:88,2
DA:89,2
DA:90,2
DA:93,1
DA:94,1
DA:95,1
DA:98,0
DA:102,27
DA:104,4
DA:105,3
DA:114,3
DA:116,2
DA:117,2
DA:118,1
DA:122,1
DA:128,1
DA:129,1
DA:138,27
DA:140,1
DA:141,1
DA:144,27
DA:145,2
DA:148,27
DA:149,3
DA:150,3
DA:151,3
DA:153,27
LF:62
LH:61
BRDA:41,0,0,1
BRDA:41,0,1,0
BRDA:48,1,0,1
BRDA:48,1,1,6
BRDA:52,2,0,5
BRDA:52,2,1,1
BRDA:55,3,0,1
BRDA:55,3,1,1
BRDA:70,4,0,1
BRDA:70,4,1,1
BRDA:71,5,0,1
BRDA:71,5,1,1
BRDA:82,6,0,1
BRDA:82,6,1,3
BRDA:87,7,0,2
BRDA:87,7,1,1
BRDA:87,8,0,3
BRDA:87,8,1,2
BRDA:88,9,0,1
BRDA:88,9,1,1
BRDA:89,10,0,1
BRDA:89,10,1,1
BRDA:93,11,0,1
BRDA:93,11,1,0
BRDA:104,12,0,1
BRDA:104,12,1,3
BRDA:114,13,0,2
BRDA:114,13,1,1
BRDA:128,14,0,1
BRDA:128,14,1,0
BRF:30
BRH:27
end_of_record
TN:
SF:src\pages\EmpresasPage.jsx
FN:7,(anonymous_0)
FN:18,(anonymous_1)
FNF:2
FNH:0
FNDA:0,(anonymous_0)
FNDA:0,(anonymous_1)
DA:7,0
DA:14,0
DA:16,0
DA:18,0
DA:19,0
DA:22,0
LF:6
LH:0
BRDA:24,0,0,0
BRDA:24,0,1,0
BRDA:30,1,0,0
BRDA:30,1,1,0
BRDA:30,1,2,0
BRDA:38,2,0,0
BRDA:38,2,1,0
BRF:7
BRH:0
end_of_record
TN:
SF:src\pages\ProductosPage.jsx
FN:9,(anonymous_0)
FN:20,(anonymous_1)
FN:37,(anonymous_2)
FN:45,(anonymous_3)
FNF:4
FNH:0
FNDA:0,(anonymous_0)
FNDA:0,(anonymous_1)
FNDA:0,(anonymous_2)
FNDA:0,(anonymous_3)
DA:9,0
DA:10,0
DA:16,0
DA:18,0
DA:20,0
DA:21,0
DA:22,0
DA:26,0
DA:37,0
DA:45,0
LF:10
LH:0
BRDA:21,0,0,0
BRDA:21,0,1,0
BRDA:28,1,0,0
BRDA:28,1,1,0
BRDA:36,2,0,0
BRDA:36,2,1,0
BRDA:44,3,0,0
BRDA:44,3,1,0
BRDA:53,4,0,0
BRDA:53,4,1,0
BRDA:56,5,0,0
BRDA:56,5,1,0
BRDA:65,6,0,0
BRDA:65,6,1,0
BRF:14
BRH:0
end_of_record
TN:
SF:src\pages\RegisterPage.jsx
FN:6,(anonymous_0)
FN:14,(anonymous_1)
FN:17,(anonymous_2)
FNF:3
FNH:0
FNDA:0,(anonymous_0)
FNDA:0,(anonymous_1)
FNDA:0,(anonymous_2)
DA:6,0
DA:8,0
DA:10,0
DA:12,0
DA:14,0
DA:15,0
DA:16,0
DA:17,0
DA:18,0
DA:22,0
LF:10
LH:0
BRDA:8,0,0,0
BRDA:16,1,0,0
BRDA:16,1,1,0
BRDA:17,2,0,0
BRDA:17,2,1,0
BRDA:24,3,0,0
BRDA:24,3,1,0
BRF:7
BRH:0
end_of_record
TN:
SF:src\pages\UsersPage.jsx
FN:7,(anonymous_0)
FN:18,(anonymous_1)
FNF:2
FNH:0
FNDA:0,(anonymous_0)
FNDA:0,(anonymous_1)
DA:7,0
DA:14,0
DA:16,0
DA:18,0
DA:19,0
DA:22,0
LF:6
LH:0
BRDA:25,0,0,0
BRDA:25,0,1,0
BRDA:31,1,0,0
BRDA:31,1,1,0
BRDA:31,1,2,0
BRDA:37,2,0,0
BRDA:37,2,1,0
BRF:7
BRH:0
end_of_record
TN:
SF:src\reducers\comprobanteReducer.js
FN:1,(anonymous_0)
FN:15,(anonymous_1)
FN:25,(anonymous_2)
FNF:3
FNH:3
FNDA:33,(anonymous_0)
FNDA:1,(anonymous_1)
FNDA:1,(anonymous_2)
DA:1,1
DA:2,33
DA:4,22
DA:7,9
DA:15,1
DA:16,1
DA:17,1
DA:21,0
DA:25,1
DA:28,0
LF:10
LH:8
BRDA:1,0,0,0
BRDA:2,1,0,22
BRDA:2,1,1,9
BRDA:2,1,2,1
BRDA:2,1,3,1
BRDA:2,1,4,0
BRDA:16,2,0,1
BRDA:16,2,1,0
BRF:8
BRH:5
end_of_record
TN:
SF:src\reducers\empresasReducer.js
FN:1,(anonymous_0)
FN:9,(anonymous_1)
FN:11,(anonymous_2)
FNF:3
FNH:1
FNDA:4,(anonymous_0)
FNDA:0,(anonymous_1)
FNDA:0,(anonymous_2)
DA:1,1
DA:2,4
DA:4,1
DA:9,1
DA:11,1
DA:12,0
DA:15,1
DA:17,0
LF:8
LH:6
BRDA:1,0,0,0
BRDA:2,1,0,1
BRDA:2,1,1,1
BRDA:2,1,2,1
BRDA:2,1,3,1
BRDA:2,1,4,0
BRDA:12,2,0,0
BRDA:12,2,1,0
BRF:8
BRH:4
end_of_record
TN:
SF:src\reducers\productoReducer.js
FN:1,(anonymous_0)
FN:10,(anonymous_1)
FN:17,(anonymous_2)
FNF:3
FNH:1
FNDA:4,(anonymous_0)
FNDA:0,(anonymous_1)
FNDA:0,(anonymous_2)
DA:1,1
DA:2,4
DA:4,1
DA:7,1
DA:10,1
DA:11,0
DA:17,1
DA:20,0
LF:8
LH:6
BRDA:1,0,0,0
BRDA:2,1,0,1
BRDA:2,1,1,1
BRDA:2,1,2,1
BRDA:2,1,3,1
BRDA:2,1,4,0
BRDA:11,2,0,0
BRDA:11,2,1,0
BRF:8
BRH:4
end_of_record
TN:
SF:src\reducers\usersReducer.js
FN:2,(anonymous_0)
FN:14,(anonymous_1)
FN:16,(anonymous_2)
FNF:3
FNH:1
FNDA:4,(anonymous_0)
FNDA:0,(anonymous_1)
FNDA:0,(anonymous_2)
DA:2,1
DA:4,4
DA:7,1
DA:14,1
DA:16,1
DA:17,0
DA:18,0
DA:23,0
DA:26,1
DA:28,0
LF:10
LH:6
BRDA:2,0,0,0
BRDA:4,1,0,1
BRDA:4,1,1,1
BRDA:4,1,2,1
BRDA:4,1,3,1
BRDA:4,1,4,0
BRDA:17,2,0,0
BRDA:17,2,1,0
BRF:8
BRH:4
end_of_record
TN:
SF:src\routes\UserRoutes.jsx
FN:13,(anonymous_0)
FNF:1
FNH:0
FNDA:0,(anonymous_0)
DA:13,0
DA:14,0
DA:16,0
LF:3
LH:0
BRDA:24,0,0,0
BRDA:24,0,1,0
BRF:2
BRH:0
end_of_record
TN:
SF:src\services\empresaService.js
FN:5,(anonymous_0)
FN:15,(anonymous_1)
FN:30,(anonymous_2)
FN:44,(anonymous_3)
FNF:4
FNH:0
FNDA:0,(anonymous_0)
FNDA:0,(anonymous_1)
FNDA:0,(anonymous_2)
FNDA:0,(anonymous_3)
DA:3,1
DA:5,1
DA:6,0
DA:7,0
DA:8,0
DA:10,0
DA:11,0
DA:15,1
DA:17,0
DA:19,0
DA:26,0
DA:30,1
DA:32,0
DA:33,0
DA:40,0
DA:44,1
DA:46,0
DA:47,0
DA:49,0
LF:19
LH:5
BRF:0
BRH:0
end_of_record
TN:
SF:src\services\productoService.js
FN:5,(anonymous_0)
FN:14,(anonymous_1)
FN:23,(anonymous_2)
FN:36,(anonymous_3)
FN:49,(anonymous_4)
FNF:5
FNH:0
FNDA:0,(anonymous_0)
FNDA:0,(anonymous_1)
FNDA:0,(anonymous_2)
FNDA:0,(anonymous_3)
FNDA:0,(anonymous_4)
DA:3,1
DA:5,1
DA:6,0
DA:7,0
DA:9,0
DA:10,0
DA:14,1
DA:15,0
DA:16,0
DA:18,0
DA:19,0
DA:23,1
DA:24,0
DA:25,0
DA:32,0
DA:36,1
DA:37,0
DA:38,0
DA:45,0
DA:49,1
DA:50,0
DA:51,0
DA:53,0
LF:23
LH:6
BRF:0
BRH:0
end_of_record
TN:
SF:src\services\userService.js
FN:14,(anonymous_0)
FN:24,(anonymous_1)
FN:38,(anonymous_2)
FN:51,(anonymous_3)
FNF:4
FNH:0
FNDA:0,(anonymous_0)
FNDA:0,(anonymous_1)
FNDA:0,(anonymous_2)
FNDA:0,(anonymous_3)
DA:3,1
DA:14,1
DA:15,0
DA:16,0
DA:17,0
DA:19,0
DA:20,0
DA:24,1
DA:26,0
DA:27,0
DA:34,0
DA:38,1
DA:40,0
DA:41,0
DA:47,0
DA:51,1
DA:53,0
DA:54,0
DA:56,0
LF:19
LH:5
BRF:0
BRH:0
end_of_record
